2019-07-31 16:19:53,030 [main] INFO  [o.s.c.a.AnnotationConfigApplicationContext] AbstractApplicationContext.java:588 - Refreshing org.springframework.context.annotation.AnnotationConfigApplicationContext@3a6bb9bf: startup date [Wed Jul 31 16:19:53 CST 2019]; root of context hierarchy
2019-07-31 16:19:53,228 [main] INFO  [o.s.b.f.a.AutowiredAnnotationBeanPostProcessor] AutowiredAnnotationBeanPostProcessor.java:153 - JSR-330 'javax.inject.Inject' annotation found and supported for autowiring
2019-07-31 16:19:53,276 [main] INFO  [o.s.c.s.PostProcessorRegistrationDelegate$BeanPostProcessorChecker] PostProcessorRegistrationDelegate.java:326 - Bean 'configurationPropertiesRebinderAutoConfiguration' of type [org.springframework.cloud.autoconfigure.ConfigurationPropertiesRebinderAutoConfiguration$$EnhancerBySpringCGLIB$$b32b46ab] is not eligible for getting processed by all BeanPostProcessors (for example: not eligible for auto-proxying)
2019-07-31 16:19:54,318 [main] INFO  [com.match.eureka.EurekaApplication] SpringApplication.java:654 - No active profile set, falling back to default profiles: default
2019-07-31 16:19:54,335 [main] INFO  [o.s.b.w.s.c.AnnotationConfigServletWebServerApplicationContext] AbstractApplicationContext.java:588 - Refreshing org.springframework.boot.web.servlet.context.AnnotationConfigServletWebServerApplicationContext@5f9be66c: startup date [Wed Jul 31 16:19:54 CST 2019]; parent: org.springframework.context.annotation.AnnotationConfigApplicationContext@3a6bb9bf
2019-07-31 16:19:55,239 [main] INFO  [o.springframework.cloud.context.scope.GenericScope] GenericScope.java:294 - BeanFactory id=ac2efa53-7e01-341a-ac05-273378d4e3ef
2019-07-31 16:19:55,258 [main] INFO  [o.s.b.f.a.AutowiredAnnotationBeanPostProcessor] AutowiredAnnotationBeanPostProcessor.java:153 - JSR-330 'javax.inject.Inject' annotation found and supported for autowiring
2019-07-31 16:19:55,355 [main] INFO  [o.s.c.s.PostProcessorRegistrationDelegate$BeanPostProcessorChecker] PostProcessorRegistrationDelegate.java:326 - Bean 'org.springframework.cloud.autoconfigure.ConfigurationPropertiesRebinderAutoConfiguration' of type [org.springframework.cloud.autoconfigure.ConfigurationPropertiesRebinderAutoConfiguration$$EnhancerBySpringCGLIB$$b32b46ab] is not eligible for getting processed by all BeanPostProcessors (for example: not eligible for auto-proxying)
2019-07-31 16:19:55,739 [main] INFO  [o.s.boot.web.embedded.tomcat.TomcatWebServer] TomcatWebServer.java:91 - Tomcat initialized with port(s): 7001 (http)
2019-07-31 16:19:55,753 [main] INFO  [org.apache.coyote.http11.Http11NioProtocol] DirectJDKLog.java:180 - Initializing ProtocolHandler ["http-nio-7001"]
2019-07-31 16:19:55,764 [main] INFO  [org.apache.catalina.core.StandardService] DirectJDKLog.java:180 - Starting service [Tomcat]
2019-07-31 16:19:55,765 [main] INFO  [org.apache.catalina.core.StandardEngine] DirectJDKLog.java:180 - Starting Servlet Engine: Apache Tomcat/8.5.34
2019-07-31 16:19:55,770 [localhost-startStop-1] INFO  [org.apache.catalina.core.AprLifecycleListener] DirectJDKLog.java:180 - The APR based Apache Tomcat Native library which allows optimal performance in production environments was not found on the java.library.path: [C:\Program Files\Java\jdk1.8.0_201\bin;C:\WINDOWS\Sun\Java\bin;C:\WINDOWS\system32;C:\WINDOWS;C:\Program Files (x86)\NetSarang\Xshell 6\;C:\Program Files (x86)\NetSarang\Xftp 6\;C:\Program Files\Java\jdk1.8.0_201\bin\;C:\WINDOWS\system32;C:\WINDOWS;C:\WINDOWS\System32\Wbem;C:\WINDOWS\System32\WindowsPowerShell\v1.0\;C:\WINDOWS\System32\OpenSSH\;C:\Program Files\Git\cmd;D:\nodejs;D:\nodejs\npm_global_modules;D:\mysql-5.7.25-winx64\bin;D:\apache-maven-3.5.4\bin;C:\Program Files\TortoiseSVN\bin;D:\android\sdk\platform-tools;D:\tft\dll;D:\go\bin;D:\gowork\bin;;C:\Program Files\EmEditor;C:\Users\pc\AppData\Local\Microsoft\WindowsApps;;D:\Microsoft VS Code\Microsoft VS Code\bin;D:\GoLand 2019.1\bin;;.]
2019-07-31 16:19:55,945 [localhost-startStop-1] INFO  [o.a.c.core.ContainerBase.[Tomcat].[localhost].[/]] DirectJDKLog.java:180 - Initializing Spring embedded WebApplicationContext
2019-07-31 16:19:55,946 [localhost-startStop-1] INFO  [org.springframework.web.context.ContextLoader] ServletWebServerApplicationContext.java:285 - Root WebApplicationContext: initialization completed in 1610 ms
2019-07-31 16:19:56,243 [localhost-startStop-1] WARN  [com.netflix.config.sources.URLConfigurationSource] URLConfigurationSource.java:121 - No URLs will be polled as dynamic configuration sources.
2019-07-31 16:19:56,244 [localhost-startStop-1] INFO  [com.netflix.config.sources.URLConfigurationSource] URLConfigurationSource.java:122 - To enable URLs as dynamic configuration sources, define System property archaius.configurationSource.additionalUrls or make config.properties available on classpath.
2019-07-31 16:19:56,256 [localhost-startStop-1] INFO  [com.netflix.config.DynamicPropertyFactory] DynamicPropertyFactory.java:281 - DynamicPropertyFactory is initialized with configuration sources: com.netflix.config.ConcurrentCompositeConfiguration@48d42a6c
2019-07-31 16:19:59,352 [localhost-startStop-1] INFO  [o.s.boot.web.servlet.FilterRegistrationBean] AbstractFilterRegistrationBean.java:245 - Mapping filter: 'characterEncodingFilter' to: [/*]
2019-07-31 16:19:59,353 [localhost-startStop-1] INFO  [o.s.boot.web.servlet.FilterRegistrationBean] AbstractFilterRegistrationBean.java:245 - Mapping filter: 'webMvcMetricsFilter' to: [/*]
2019-07-31 16:19:59,354 [localhost-startStop-1] INFO  [o.s.boot.web.servlet.FilterRegistrationBean] AbstractFilterRegistrationBean.java:245 - Mapping filter: 'hiddenHttpMethodFilter' to: [/*]
2019-07-31 16:19:59,354 [localhost-startStop-1] INFO  [o.s.boot.web.servlet.FilterRegistrationBean] AbstractFilterRegistrationBean.java:245 - Mapping filter: 'httpPutFormContentFilter' to: [/*]
2019-07-31 16:19:59,355 [localhost-startStop-1] INFO  [o.s.boot.web.servlet.FilterRegistrationBean] AbstractFilterRegistrationBean.java:245 - Mapping filter: 'requestContextFilter' to: [/*]
2019-07-31 16:19:59,356 [localhost-startStop-1] INFO  [o.s.boot.web.servlet.FilterRegistrationBean] AbstractFilterRegistrationBean.java:245 - Mapping filter: 'httpTraceFilter' to: [/*]
2019-07-31 16:19:59,356 [localhost-startStop-1] INFO  [o.s.boot.web.servlet.FilterRegistrationBean] AbstractFilterRegistrationBean.java:258 - Mapping filter: 'servletContainer' to urls: [/eureka/*]
2019-07-31 16:19:59,357 [localhost-startStop-1] INFO  [o.s.boot.web.servlet.ServletRegistrationBean] ServletRegistrationBean.java:187 - Servlet dispatcherServlet mapped to [/]
2019-07-31 16:19:59,443 [localhost-startStop-1] INFO  [c.s.j.server.impl.application.WebApplicationImpl] WebApplicationImpl.java:815 - Initiating Jersey application, version 'Jersey: 1.19.1 03/11/2016 02:08 PM'
2019-07-31 16:19:59,512 [localhost-startStop-1] INFO  [c.n.discovery.provider.DiscoveryJerseyProvider] DiscoveryJerseyProvider.java:70 - Using JSON encoding codec LegacyJacksonJson
2019-07-31 16:19:59,514 [localhost-startStop-1] INFO  [c.n.discovery.provider.DiscoveryJerseyProvider] DiscoveryJerseyProvider.java:71 - Using JSON decoding codec LegacyJacksonJson
2019-07-31 16:19:59,671 [localhost-startStop-1] INFO  [c.n.discovery.provider.DiscoveryJerseyProvider] DiscoveryJerseyProvider.java:80 - Using XML encoding codec XStreamXml
2019-07-31 16:19:59,671 [localhost-startStop-1] INFO  [c.n.discovery.provider.DiscoveryJerseyProvider] DiscoveryJerseyProvider.java:81 - Using XML decoding codec XStreamXml
2019-07-31 16:20:00,030 [main] WARN  [com.netflix.config.sources.URLConfigurationSource] URLConfigurationSource.java:121 - No URLs will be polled as dynamic configuration sources.
2019-07-31 16:20:00,031 [main] INFO  [com.netflix.config.sources.URLConfigurationSource] URLConfigurationSource.java:122 - To enable URLs as dynamic configuration sources, define System property archaius.configurationSource.additionalUrls or make config.properties available on classpath.
2019-07-31 16:20:00,105 [main] INFO  [o.s.web.servlet.handler.SimpleUrlHandlerMapping] AbstractUrlHandlerMapping.java:373 - Mapped URL path [/**/favicon.ico] onto handler of type [class org.springframework.web.servlet.resource.ResourceHttpRequestHandler]
2019-07-31 16:20:00,290 [main] INFO  [o.s.w.s.m.m.a.RequestMappingHandlerAdapter] RequestMappingHandlerAdapter.java:588 - Looking for @ControllerAdvice: org.springframework.boot.web.servlet.context.AnnotationConfigServletWebServerApplicationContext@5f9be66c: startup date [Wed Jul 31 16:19:54 CST 2019]; parent: org.springframework.context.annotation.AnnotationConfigApplicationContext@3a6bb9bf
2019-07-31 16:20:00,368 [main] INFO  [o.s.w.s.m.m.a.RequestMappingHandlerMapping] AbstractHandlerMethodMapping.java:549 - Mapped "{[/error]}" onto public org.springframework.http.ResponseEntity<java.util.Map<java.lang.String, java.lang.Object>> org.springframework.boot.autoconfigure.web.servlet.error.BasicErrorController.error(javax.servlet.http.HttpServletRequest)
2019-07-31 16:20:00,370 [main] INFO  [o.s.w.s.m.m.a.RequestMappingHandlerMapping] AbstractHandlerMethodMapping.java:549 - Mapped "{[/error],produces=[text/html]}" onto public org.springframework.web.servlet.ModelAndView org.springframework.boot.autoconfigure.web.servlet.error.BasicErrorController.errorHtml(javax.servlet.http.HttpServletRequest,javax.servlet.http.HttpServletResponse)
2019-07-31 16:20:00,376 [main] INFO  [o.s.w.s.m.m.a.RequestMappingHandlerMapping] AbstractHandlerMethodMapping.java:549 - Mapped "{[/],methods=[GET]}" onto public java.lang.String org.springframework.cloud.netflix.eureka.server.EurekaController.status(javax.servlet.http.HttpServletRequest,java.util.Map<java.lang.String, java.lang.Object>)
2019-07-31 16:20:00,377 [main] INFO  [o.s.w.s.m.m.a.RequestMappingHandlerMapping] AbstractHandlerMethodMapping.java:549 - Mapped "{[/lastn],methods=[GET]}" onto public java.lang.String org.springframework.cloud.netflix.eureka.server.EurekaController.lastn(javax.servlet.http.HttpServletRequest,java.util.Map<java.lang.String, java.lang.Object>)
2019-07-31 16:20:00,400 [main] INFO  [o.s.web.servlet.handler.SimpleUrlHandlerMapping] AbstractUrlHandlerMapping.java:373 - Mapped URL path [/webjars/**] onto handler of type [class org.springframework.web.servlet.resource.ResourceHttpRequestHandler]
2019-07-31 16:20:00,400 [main] INFO  [o.s.web.servlet.handler.SimpleUrlHandlerMapping] AbstractUrlHandlerMapping.java:373 - Mapped URL path [/**] onto handler of type [class org.springframework.web.servlet.resource.ResourceHttpRequestHandler]
2019-07-31 16:20:00,800 [main] INFO  [o.s.ui.freemarker.SpringTemplateLoader] SpringTemplateLoader.java:62 - SpringTemplateLoader for FreeMarker: using resource loader [org.springframework.boot.web.servlet.context.AnnotationConfigServletWebServerApplicationContext@5f9be66c: startup date [Wed Jul 31 16:19:54 CST 2019]; parent: org.springframework.context.annotation.AnnotationConfigApplicationContext@3a6bb9bf] and template loader path [classpath:/templates/]
2019-07-31 16:20:00,801 [main] INFO  [o.s.w.servlet.view.freemarker.FreeMarkerConfigurer] FreeMarkerConfigurer.java:131 - ClassTemplateLoader for Spring macros added to FreeMarker configuration
2019-07-31 16:20:00,960 [main] INFO  [o.s.cloud.netflix.eureka.InstanceInfoFactory] InstanceInfoFactory.java:71 - Setting initial instance status as: STARTING
2019-07-31 16:20:00,984 [main] INFO  [com.netflix.discovery.DiscoveryClient] DiscoveryClient.java:349 - Initializing Eureka in region us-east-1
2019-07-31 16:20:00,984 [main] INFO  [com.netflix.discovery.DiscoveryClient] DiscoveryClient.java:352 - Client configured to neither register nor query for data.
2019-07-31 16:20:00,991 [main] INFO  [com.netflix.discovery.DiscoveryClient] DiscoveryClient.java:365 - Discovery Client initialized at timestamp 1564561200989 with initial instances count: 0
2019-07-31 16:20:01,030 [main] INFO  [com.netflix.eureka.DefaultEurekaServerContext] DefaultEurekaServerContext.java:63 - Initializing ...
2019-07-31 16:20:01,032 [main] WARN  [com.netflix.eureka.cluster.PeerEurekaNodes] PeerEurekaNodes.java:156 - The replica size seems to be empty. Check the route 53 DNS Registry
2019-07-31 16:20:01,050 [main] INFO  [c.netflix.eureka.registry.AbstractInstanceRegistry] AbstractInstanceRegistry.java:151 - Finished initializing remote region registries. All known remote regions: []
2019-07-31 16:20:01,051 [main] INFO  [com.netflix.eureka.DefaultEurekaServerContext] DefaultEurekaServerContext.java:70 - Initialized
2019-07-31 16:20:01,067 [main] INFO  [o.s.b.actuate.endpoint.web.EndpointLinksResolver] EndpointLinksResolver.java:59 - Exposing 2 endpoint(s) beneath base path '/actuator'
2019-07-31 16:20:01,079 [main] INFO  [o.s.b.a.e.web.servlet.WebMvcEndpointHandlerMapping] AbstractHandlerMethodMapping.java:549 - Mapped "{[/actuator/health],methods=[GET],produces=[application/vnd.spring-boot.actuator.v2+json || application/json]}" onto public java.lang.Object org.springframework.boot.actuate.endpoint.web.servlet.AbstractWebMvcEndpointHandlerMapping$OperationHandler.handle(javax.servlet.http.HttpServletRequest,java.util.Map<java.lang.String, java.lang.String>)
2019-07-31 16:20:01,080 [main] INFO  [o.s.b.a.e.web.servlet.WebMvcEndpointHandlerMapping] AbstractHandlerMethodMapping.java:549 - Mapped "{[/actuator/info],methods=[GET],produces=[application/vnd.spring-boot.actuator.v2+json || application/json]}" onto public java.lang.Object org.springframework.boot.actuate.endpoint.web.servlet.AbstractWebMvcEndpointHandlerMapping$OperationHandler.handle(javax.servlet.http.HttpServletRequest,java.util.Map<java.lang.String, java.lang.String>)
2019-07-31 16:20:01,081 [main] INFO  [o.s.b.a.e.web.servlet.WebMvcEndpointHandlerMapping] AbstractHandlerMethodMapping.java:549 - Mapped "{[/actuator],methods=[GET],produces=[application/vnd.spring-boot.actuator.v2+json || application/json]}" onto protected java.util.Map<java.lang.String, java.util.Map<java.lang.String, org.springframework.boot.actuate.endpoint.web.Link>> org.springframework.boot.actuate.endpoint.web.servlet.WebMvcEndpointHandlerMapping.links(javax.servlet.http.HttpServletRequest,javax.servlet.http.HttpServletResponse)
2019-07-31 16:20:01,135 [main] INFO  [o.s.jmx.export.annotation.AnnotationMBeanExporter] MBeanExporter.java:433 - Registering beans for JMX exposure on startup
2019-07-31 16:20:01,144 [main] INFO  [o.s.jmx.export.annotation.AnnotationMBeanExporter] MBeanExporter.java:895 - Bean with name 'environmentManager' has been autodetected for JMX exposure
2019-07-31 16:20:01,145 [main] INFO  [o.s.jmx.export.annotation.AnnotationMBeanExporter] MBeanExporter.java:895 - Bean with name 'refreshScope' has been autodetected for JMX exposure
2019-07-31 16:20:01,147 [main] INFO  [o.s.jmx.export.annotation.AnnotationMBeanExporter] MBeanExporter.java:895 - Bean with name 'configurationPropertiesRebinder' has been autodetected for JMX exposure
2019-07-31 16:20:01,150 [main] INFO  [o.s.jmx.export.annotation.AnnotationMBeanExporter] MBeanExporter.java:675 - Located managed bean 'environmentManager': registering with JMX server as MBean [org.springframework.cloud.context.environment:name=environmentManager,type=EnvironmentManager]
2019-07-31 16:20:01,159 [main] INFO  [o.s.jmx.export.annotation.AnnotationMBeanExporter] MBeanExporter.java:675 - Located managed bean 'refreshScope': registering with JMX server as MBean [org.springframework.cloud.context.scope.refresh:name=refreshScope,type=RefreshScope]
2019-07-31 16:20:01,168 [main] INFO  [o.s.jmx.export.annotation.AnnotationMBeanExporter] MBeanExporter.java:675 - Located managed bean 'configurationPropertiesRebinder': registering with JMX server as MBean [org.springframework.cloud.context.properties:name=configurationPropertiesRebinder,context=5f9be66c,type=ConfigurationPropertiesRebinder]
2019-07-31 16:20:01,178 [main] INFO  [o.s.context.support.DefaultLifecycleProcessor] DefaultLifecycleProcessor.java:356 - Starting beans in phase 0
2019-07-31 16:20:01,183 [main] INFO  [o.s.c.n.e.serviceregistry.EurekaServiceRegistry] EurekaServiceRegistry.java:42 - Registering application MICROSERVICE-EUREKA-SERVER with eureka with status UP
2019-07-31 16:20:01,189 [Thread-30] INFO  [o.s.c.netflix.eureka.server.EurekaServerBootstrap] EurekaServerBootstrap.java:109 - Setting the eureka configuration..
2019-07-31 16:20:01,189 [Thread-30] INFO  [o.s.c.netflix.eureka.server.EurekaServerBootstrap] EurekaServerBootstrap.java:114 - Eureka data center value eureka.datacenter is not set, defaulting to default
2019-07-31 16:20:01,190 [Thread-30] INFO  [o.s.c.netflix.eureka.server.EurekaServerBootstrap] EurekaServerBootstrap.java:128 - Eureka environment value eureka.environment is not set, defaulting to test
2019-07-31 16:20:01,201 [Thread-30] INFO  [o.s.c.netflix.eureka.server.EurekaServerBootstrap] EurekaServerBootstrap.java:184 - isAws returned false
2019-07-31 16:20:01,202 [Thread-30] INFO  [o.s.c.netflix.eureka.server.EurekaServerBootstrap] EurekaServerBootstrap.java:152 - Initialized server context
2019-07-31 16:20:01,202 [Thread-30] INFO  [c.n.eureka.registry.PeerAwareInstanceRegistryImpl] PeerAwareInstanceRegistryImpl.java:242 - Got 1 instances from neighboring DS node
2019-07-31 16:20:01,202 [Thread-30] INFO  [c.n.eureka.registry.PeerAwareInstanceRegistryImpl] PeerAwareInstanceRegistryImpl.java:243 - Renew threshold is: 1
2019-07-31 16:20:01,202 [Thread-30] INFO  [c.n.eureka.registry.PeerAwareInstanceRegistryImpl] PeerAwareInstanceRegistryImpl.java:254 - Changing status to UP
2019-07-31 16:20:01,204 [main] INFO  [org.apache.coyote.http11.Http11NioProtocol] DirectJDKLog.java:180 - Starting ProtocolHandler ["http-nio-7001"]
2019-07-31 16:20:01,213 [Thread-30] INFO  [o.s.c.n.e.s.EurekaServerInitializerConfiguration] EurekaServerInitializerConfiguration.java:72 - Started Eureka Server
2019-07-31 16:20:01,216 [main] INFO  [org.apache.tomcat.util.net.NioSelectorPool] DirectJDKLog.java:180 - Using a shared selector for servlet write/read
2019-07-31 16:20:01,234 [main] INFO  [o.s.boot.web.embedded.tomcat.TomcatWebServer] TomcatWebServer.java:206 - Tomcat started on port(s): 7001 (http) with context path ''
2019-07-31 16:20:01,235 [main] INFO  [o.s.c.n.e.s.EurekaAutoServiceRegistration] EurekaAutoServiceRegistration.java:124 - Updating port to 7001
2019-07-31 16:20:01,240 [main] INFO  [com.match.eureka.EurekaApplication] StartupInfoLogger.java:59 - Started EurekaApplication in 10.563 seconds (JVM running for 12.442)
2019-07-31 16:20:02,939 [RMI TCP Connection(5)-88.88.10.82] INFO  [o.a.c.core.ContainerBase.[Tomcat].[localhost].[/]] DirectJDKLog.java:180 - Initializing Spring FrameworkServlet 'dispatcherServlet'
2019-07-31 16:20:02,940 [RMI TCP Connection(5)-88.88.10.82] INFO  [org.springframework.web.servlet.DispatcherServlet] FrameworkServlet.java:494 - FrameworkServlet 'dispatcherServlet': initialization started
2019-07-31 16:20:02,954 [RMI TCP Connection(5)-88.88.10.82] INFO  [org.springframework.web.servlet.DispatcherServlet] FrameworkServlet.java:509 - FrameworkServlet 'dispatcherServlet': initialization completed in 14 ms
2019-07-31 16:20:06,204 [Eureka-EvictionTimer] INFO  [c.netflix.eureka.registry.AbstractInstanceRegistry] AbstractInstanceRegistry.java:1247 - Running the evict task with compensationTime 0ms
2019-07-31 16:20:11,204 [Eureka-EvictionTimer] INFO  [c.netflix.eureka.registry.AbstractInstanceRegistry] AbstractInstanceRegistry.java:1247 - Running the evict task with compensationTime 0ms
2019-07-31 16:20:16,204 [Eureka-EvictionTimer] INFO  [c.netflix.eureka.registry.AbstractInstanceRegistry] AbstractInstanceRegistry.java:1247 - Running the evict task with compensationTime 0ms
2019-07-31 16:20:21,205 [Eureka-EvictionTimer] INFO  [c.netflix.eureka.registry.AbstractInstanceRegistry] AbstractInstanceRegistry.java:1247 - Running the evict task with compensationTime 1ms
2019-07-31 16:20:26,206 [Eureka-EvictionTimer] INFO  [c.netflix.eureka.registry.AbstractInstanceRegistry] AbstractInstanceRegistry.java:1247 - Running the evict task with compensationTime 0ms
2019-07-31 16:20:31,207 [Eureka-EvictionTimer] INFO  [c.netflix.eureka.registry.AbstractInstanceRegistry] AbstractInstanceRegistry.java:1247 - Running the evict task with compensationTime 0ms
2019-07-31 16:20:36,207 [Eureka-EvictionTimer] INFO  [c.netflix.eureka.registry.AbstractInstanceRegistry] AbstractInstanceRegistry.java:1247 - Running the evict task with compensationTime 0ms
2019-07-31 16:20:41,207 [Eureka-EvictionTimer] INFO  [c.netflix.eureka.registry.AbstractInstanceRegistry] AbstractInstanceRegistry.java:1247 - Running the evict task with compensationTime 0ms
2019-07-31 16:20:46,208 [Eureka-EvictionTimer] INFO  [c.netflix.eureka.registry.AbstractInstanceRegistry] AbstractInstanceRegistry.java:1247 - Running the evict task with compensationTime 0ms
2019-07-31 16:20:51,209 [Eureka-EvictionTimer] INFO  [c.netflix.eureka.registry.AbstractInstanceRegistry] AbstractInstanceRegistry.java:1247 - Running the evict task with compensationTime 0ms
2019-07-31 16:20:56,209 [Eureka-EvictionTimer] INFO  [c.netflix.eureka.registry.AbstractInstanceRegistry] AbstractInstanceRegistry.java:1247 - Running the evict task with compensationTime 0ms
2019-07-31 16:21:01,210 [Eureka-EvictionTimer] INFO  [c.netflix.eureka.registry.AbstractInstanceRegistry] AbstractInstanceRegistry.java:1247 - Running the evict task with compensationTime 0ms
2019-07-31 16:21:06,210 [Eureka-EvictionTimer] INFO  [c.netflix.eureka.registry.AbstractInstanceRegistry] AbstractInstanceRegistry.java:1247 - Running the evict task with compensationTime 0ms
2019-07-31 16:21:11,211 [Eureka-EvictionTimer] INFO  [c.netflix.eureka.registry.AbstractInstanceRegistry] AbstractInstanceRegistry.java:1247 - Running the evict task with compensationTime 0ms
2019-07-31 16:21:16,212 [Eureka-EvictionTimer] INFO  [c.netflix.eureka.registry.AbstractInstanceRegistry] AbstractInstanceRegistry.java:1247 - Running the evict task with compensationTime 0ms
2019-07-31 16:21:21,212 [Eureka-EvictionTimer] INFO  [c.netflix.eureka.registry.AbstractInstanceRegistry] AbstractInstanceRegistry.java:1247 - Running the evict task with compensationTime 0ms
2019-07-31 16:21:26,213 [Eureka-EvictionTimer] INFO  [c.netflix.eureka.registry.AbstractInstanceRegistry] AbstractInstanceRegistry.java:1247 - Running the evict task with compensationTime 0ms
2019-07-31 16:21:31,214 [Eureka-EvictionTimer] INFO  [c.netflix.eureka.registry.AbstractInstanceRegistry] AbstractInstanceRegistry.java:1247 - Running the evict task with compensationTime 1ms
2019-07-31 16:21:36,215 [Eureka-EvictionTimer] INFO  [c.netflix.eureka.registry.AbstractInstanceRegistry] AbstractInstanceRegistry.java:1247 - Running the evict task with compensationTime 1ms
2019-07-31 16:21:41,216 [Eureka-EvictionTimer] INFO  [c.netflix.eureka.registry.AbstractInstanceRegistry] AbstractInstanceRegistry.java:1247 - Running the evict task with compensationTime 0ms
2019-07-31 16:21:46,216 [Eureka-EvictionTimer] INFO  [c.netflix.eureka.registry.AbstractInstanceRegistry] AbstractInstanceRegistry.java:1247 - Running the evict task with compensationTime 0ms
2019-07-31 16:21:51,217 [Eureka-EvictionTimer] INFO  [c.netflix.eureka.registry.AbstractInstanceRegistry] AbstractInstanceRegistry.java:1247 - Running the evict task with compensationTime 0ms
2019-07-31 16:21:56,218 [Eureka-EvictionTimer] INFO  [c.netflix.eureka.registry.AbstractInstanceRegistry] AbstractInstanceRegistry.java:1247 - Running the evict task with compensationTime 1ms
2019-07-31 16:22:01,219 [Eureka-EvictionTimer] INFO  [c.netflix.eureka.registry.AbstractInstanceRegistry] AbstractInstanceRegistry.java:1247 - Running the evict task with compensationTime 1ms
2019-07-31 16:22:06,219 [Eureka-EvictionTimer] INFO  [c.netflix.eureka.registry.AbstractInstanceRegistry] AbstractInstanceRegistry.java:1247 - Running the evict task with compensationTime 0ms
2019-07-31 16:22:11,220 [Eureka-EvictionTimer] INFO  [c.netflix.eureka.registry.AbstractInstanceRegistry] AbstractInstanceRegistry.java:1247 - Running the evict task with compensationTime 0ms
2019-07-31 16:22:16,221 [Eureka-EvictionTimer] INFO  [c.netflix.eureka.registry.AbstractInstanceRegistry] AbstractInstanceRegistry.java:1247 - Running the evict task with compensationTime 0ms
2019-07-31 16:22:21,221 [Eureka-EvictionTimer] INFO  [c.netflix.eureka.registry.AbstractInstanceRegistry] AbstractInstanceRegistry.java:1247 - Running the evict task with compensationTime 0ms
2019-07-31 16:22:26,221 [Eureka-EvictionTimer] INFO  [c.netflix.eureka.registry.AbstractInstanceRegistry] AbstractInstanceRegistry.java:1247 - Running the evict task with compensationTime 0ms
2019-07-31 16:22:31,222 [Eureka-EvictionTimer] INFO  [c.netflix.eureka.registry.AbstractInstanceRegistry] AbstractInstanceRegistry.java:1247 - Running the evict task with compensationTime 1ms
2019-07-31 16:22:36,222 [Eureka-EvictionTimer] INFO  [c.netflix.eureka.registry.AbstractInstanceRegistry] AbstractInstanceRegistry.java:1247 - Running the evict task with compensationTime 0ms
2019-07-31 16:22:41,223 [Eureka-EvictionTimer] INFO  [c.netflix.eureka.registry.AbstractInstanceRegistry] AbstractInstanceRegistry.java:1247 - Running the evict task with compensationTime 0ms
2019-07-31 16:22:46,240 [Eureka-EvictionTimer] INFO  [c.netflix.eureka.registry.AbstractInstanceRegistry] AbstractInstanceRegistry.java:1247 - Running the evict task with compensationTime 17ms
2019-07-31 16:22:51,240 [Eureka-EvictionTimer] INFO  [c.netflix.eureka.registry.AbstractInstanceRegistry] AbstractInstanceRegistry.java:1247 - Running the evict task with compensationTime 0ms
2019-07-31 16:22:56,240 [Eureka-EvictionTimer] INFO  [c.netflix.eureka.registry.AbstractInstanceRegistry] AbstractInstanceRegistry.java:1247 - Running the evict task with compensationTime 0ms
2019-07-31 16:23:01,241 [Eureka-EvictionTimer] INFO  [c.netflix.eureka.registry.AbstractInstanceRegistry] AbstractInstanceRegistry.java:1247 - Running the evict task with compensationTime 0ms
2019-07-31 16:23:06,241 [Eureka-EvictionTimer] INFO  [c.netflix.eureka.registry.AbstractInstanceRegistry] AbstractInstanceRegistry.java:1247 - Running the evict task with compensationTime 0ms
2019-07-31 16:23:11,242 [Eureka-EvictionTimer] INFO  [c.netflix.eureka.registry.AbstractInstanceRegistry] AbstractInstanceRegistry.java:1247 - Running the evict task with compensationTime 0ms
2019-07-31 16:23:16,242 [Eureka-EvictionTimer] INFO  [c.netflix.eureka.registry.AbstractInstanceRegistry] AbstractInstanceRegistry.java:1247 - Running the evict task with compensationTime 0ms
2019-07-31 16:23:21,242 [Eureka-EvictionTimer] INFO  [c.netflix.eureka.registry.AbstractInstanceRegistry] AbstractInstanceRegistry.java:1247 - Running the evict task with compensationTime 0ms
2019-07-31 16:23:26,243 [Eureka-EvictionTimer] INFO  [c.netflix.eureka.registry.AbstractInstanceRegistry] AbstractInstanceRegistry.java:1247 - Running the evict task with compensationTime 0ms
